  GraphicsClass.cpp
c:\users\asus\documents\directx - theone\directx\graphicsclass.h(36): warning C4316: 'Camera': object allocated on the heap may not be aligned 16
c:\users\asus\documents\directx - theone\directx\model.h(46): warning C4244: 'initializing': conversion from 'float' to 'int', possible loss of data
c:\users\asus\documents\directx - theone\directx\graphicsclass.cpp(6): warning C4316: 'D3DClass': object allocated on the heap may not be aligned 16
  Model.cpp
c:\users\asus\documents\directx - theone\directx\model.h(46): warning C4244: 'initializing': conversion from 'float' to 'int', possible loss of data
c:\users\asus\documents\directx - theone\directx\graphicsclass.h(36): warning C4316: 'Camera': object allocated on the heap may not be aligned 16
c:\users\asus\documents\directx - theone\directx\model.cpp(10): warning C4101: 'result': unreferenced local variable
c:\users\asus\documents\directx - theone\directx\model.cpp(103): warning C4316: 'Model::InstanceType': object allocated on the heap may not be aligned 16
c:\users\asus\documents\directx - theone\directx\model.cpp(173): warning C4244: 'argument': conversion from 'time_t' to 'unsigned int', possible loss of data
c:\users\asus\documents\directx - theone\directx\model.cpp(195): warning C4244: '=': conversion from 'int' to 'float', possible loss of data
c:\users\asus\documents\directx - theone\directx\model.cpp(209): warning C4244: '=': conversion from 'double' to 'int', possible loss of data
c:\users\asus\documents\directx - theone\directx\model.cpp(370): warning C4101: 'a': unreferenced local variable
c:\users\asus\documents\directx - theone\directx\model.cpp(370): warning C4101: 'b': unreferenced local variable
c:\users\asus\documents\directx - theone\directx\model.cpp(370): warning C4101: 'c': unreferenced local variable
c:\users\asus\documents\directx - theone\directx\model.cpp(434): warning C4552: '*': operator has no effect; expected operator with side-effect
c:\users\asus\documents\directx - theone\directx\model.cpp(530): warning C4244: 'return': conversion from 'float' to 'int', possible loss of data
c:\users\asus\documents\directx - theone\directx\model.cpp(535): warning C4244: '=': conversion from 'int' to 'float', possible loss of data
  SandManager.cpp
c:\users\asus\documents\directx - theone\directx\graphicsclass.h(36): warning C4316: 'Camera': object allocated on the heap may not be aligned 16
c:\users\asus\documents\directx - theone\directx\model.h(46): warning C4244: 'initializing': conversion from 'float' to 'int', possible loss of data
c:\users\asus\documents\directx - theone\directx\sandmanager.cpp(20): warning C4244: 'argument': conversion from 'time_t' to 'unsigned int', possible loss of data
c:\users\asus\documents\directx - theone\directx\sandmanager.cpp(36): warning C4244: 'argument': conversion from 'int' to 'float', possible loss of data
c:\users\asus\documents\directx - theone\directx\sandmanager.cpp(117): warning C4244: 'argument': conversion from 'int' to 'float', possible loss of data
c:\users\asus\documents\directx - theone\directx\sandmanager.cpp(148): warning C4244: 'argument': conversion from 'int' to 'const float', possible loss of data
c:\users\asus\documents\directx - theone\directx\sandmanager.cpp(214): warning C4244: 'initializing': conversion from 'double' to 'float', possible loss of data
c:\users\asus\documents\directx - theone\directx\sandmanager.cpp(215): warning C4244: 'initializing': conversion from 'double' to 'float', possible loss of data
c:\users\asus\documents\directx - theone\directx\sandmanager.cpp(216): warning C4244: 'initializing': conversion from 'double' to 'float', possible loss of data
c:\users\asus\documents\directx - theone\directx\sandmanager.cpp(217): warning C4244: 'initializing': conversion from 'double' to 'float', possible loss of data
c:\users\asus\documents\directx - theone\directx\sandmanager.cpp(218): warning C4244: 'initializing': conversion from 'double' to 'float', possible loss of data
c:\users\asus\documents\directx - theone\directx\sandmanager.cpp(320): warning C4244: 'argument': conversion from 'int' to 'float', possible loss of data
c:\users\asus\documents\directx - theone\directx\sandmanager.cpp(383): warning C4018: '<': signed/unsigned mismatch
  SystemClass.cpp
c:\users\asus\documents\directx - theone\directx\graphicsclass.h(36): warning C4316: 'Camera': object allocated on the heap may not be aligned 16
  main.cpp
c:\users\asus\documents\directx - theone\directx\graphicsclass.h(36): warning C4316: 'Camera': object allocated on the heap may not be aligned 16
  Generating Code...
  DirectX.vcxproj -> C:\Users\ASUS\Documents\DirectX - TheOne\Debug\DirectX.exe
